### CustomExplorer log file, revision K-2015.06 (build 05/23/15) ###
### created at 15:52:44 on Fri Dec  9 2016 (Linux AMD64) ###
### Host Name: rivendell.ecen.okstate.edu   User ID: jmballe   PID: 27188   ###
wv_start_log
# (0) running in waveview only mode
# (0) SW_SX_PERL_LIB defined
# (0) SW_SX_TCL_LIB defined
# (0) HOME defined
wv_move_window CustomWaveView 0 0
wv_resize_window CustomWaveView 800 400
wv_move_window CustomWaveView 0 25
wv_move_window CustomWaveView 2 51
wv_move_window CustomWaveView -1 4
wv_resize_window CustomWaveView 2246 1420
wv_move_window CustomWaveView 0 25
wv_select_toolbar_item {Import Waveform File}
wv_move_dialog FileDialog 2 26
wv_move_dialog FileDialog 918 303
wv_select_dialog FileDialog
wv_set_text FileDialog.FileName {}
wv_horz_scroll FileDialog.FileList 32
wv_horz_scroll FileDialog.FileList 64
wv_horz_scroll FileDialog.FileList 96
wv_select_list_item FileDialog.FileList complete_design.tr0
wv_dclick_list_item FileDialog.FileList complete_design.tr0
wv_expand_tree_item MainWindow.hierview {D0:complete_design.tr0}
wv_select_tree_item MainWindow.hierview {D0:complete_design.tr0}
wv_select_tree_item MainWindow.hierview {D0:complete_design.tr0/toplevel}
wv_select_list_item MainWindow.sigview v(ad0)
wv_dclick_list_item MainWindow.sigview v(ad0)
wv_select_list_item MainWindow.sigview v(ad1)
wv_dclick_list_item MainWindow.sigview v(ad1)
wv_select_list_item MainWindow.sigview v(ad2)
wv_dclick_list_item MainWindow.sigview v(ad2)
wv_select_list_item MainWindow.sigview v(ad3)
wv_dclick_list_item MainWindow.sigview v(ad3)
wv_select_list_item MainWindow.sigview v(ad4)
wv_dclick_list_item MainWindow.sigview v(ad4)
wv_waveview_context_menu WV1.PANEL5:1.LEGEND
wv_select_wv_item WV1.PANEL5:1.LEGEND
wv_select_panel WV1.PANEL5:1.LEGEND
wv_waveview_context_menu WV1.PANEL5:1.LEGEND
wv_select_context_menu_item {Cut}
wv_move_dialog Confirmation 1032 493
wv_select_dialog Confirmation
wv_press_button Confirmation.Ok
wv_select_list_item MainWindow.sigview v(o0)
wv_dclick_list_item MainWindow.sigview v(o0)
wv_select_list_item MainWindow.sigview v(o1)
wv_dclick_list_item MainWindow.sigview v(o1)
wv_select_list_item MainWindow.sigview v(o2)
wv_dclick_list_item MainWindow.sigview v(o2)
wv_select_list_item MainWindow.sigview v(o3)
wv_dclick_list_item MainWindow.sigview v(o3)
wv_select_list_item MainWindow.sigview v(alu_ds)
wv_dclick_list_item MainWindow.sigview v(alu_ds)
wv_select_list_item MainWindow.sigview v(reg_ds)
wv_dclick_list_item MainWindow.sigview v(reg_ds)
wv_select_wv_item WV1.PANEL9:1.LEGEND
wv_drag_item_to WV1 21 1067
wv_drag_enter WV1
wv_drag_to WV1 21 1067
wv_drag_to WV1 21 1033
wv_drag_to WV1 21 987
wv_drag_to WV1 20 746
wv_drag_to WV1 15 623
wv_drag_to WV1 15 539
wv_drag_to WV1 13 510
wv_drag_to WV1 2 432
wv_drag_to WV1 12 386
wv_drag_to WV1 27 314
wv_drag_to WV1 27 257
wv_drag_to WV1 29 164
wv_drag_to WV1 33 99
wv_drag_to WV1 36 68
wv_drop_on WV1
wv_drag_item_to WV1 21 1067
wv_select_wv_item WV1.PANEL10:1.LEGEND
wv_drag_item_to WV1 54 1186
wv_drag_enter WV1
wv_drag_to WV1 54 1186
wv_drag_to WV1 54 1172
wv_drag_to WV1 51 1111
wv_drag_to WV1 49 1019
wv_drag_to WV1 49 985
wv_drag_to WV1 49 719
wv_drag_to WV1 54 680
wv_drag_to WV1 77 542
wv_drag_to WV1 79 491
wv_drag_to WV1 76 431
wv_drag_to WV1 64 166
wv_drag_to WV1 64 140
wv_drag_to WV1 63 146
wv_drop_on WV1
wv_drag_item_to WV1 54 1186
wv_close_window CustomWaveView
wv_move_dialog Confirmation 1032 688
wv_move_dialog Confirmation 1032 493
wv_select_dialog Confirmation
# wv_press_button Confirmation.Ok
